<?xml version="1.0" encoding="UTF-8"?>
<testsuite name="com.dupcheck.signature.FileSignatureTest" tests="4" skipped="0" failures="0" errors="0" timestamp="2019-08-26T11:34:15" hostname="raijeet-Vostro-15-3568" time="0.093">
  <properties/>
  <testcase name="testForNullArgument()" classname="com.dupcheck.signature.FileSignatureTest" time="0.065"/>
  <testcase name="testForValidDirectory()" classname="com.dupcheck.signature.FileSignatureTest" time="0.003"/>
  <testcase name="testForExistFile()" classname="com.dupcheck.signature.FileSignatureTest" time="0.018"/>
  <testcase name="testForNonExistFile()" classname="com.dupcheck.signature.FileSignatureTest" time="0.002"/>
  <system-out><![CDATA[Null Argument is passed.
Error occured in Signature.
Error occured in Signature.
]]></system-out>
  <system-err><![CDATA[]]></system-err>
</testsuite>
