<?xml version="1.0" encoding="UTF-8"?>
<testsuite name="com.dupcheck.signature.FileSignatureTest" tests="5" skipped="0" failures="0" errors="0" timestamp="2019-09-12T07:17:28" hostname="raijeet-Vostro-15-3568" time="0.145">
  <properties/>
  <testcase name="testForNullArgument()" classname="com.dupcheck.signature.FileSignatureTest" time="0.114"/>
  <testcase name="testForValidDirectory()" classname="com.dupcheck.signature.FileSignatureTest" time="0.005"/>
  <testcase name="testForExistFile()" classname="com.dupcheck.signature.FileSignatureTest" time="0.004"/>
  <testcase name="testForNonExistFile()" classname="com.dupcheck.signature.FileSignatureTest" time="0.003"/>
  <testcase name="testForNonExistDir()" classname="com.dupcheck.signature.FileSignatureTest" time="0.009"/>
  <system-out><![CDATA[Null Argument is passed.
Error occured in Signature.
Error occured in Signature.
Error occured in Signature.
]]></system-out>
  <system-err><![CDATA[]]></system-err>
</testsuite>
