<?xml version="1.0" encoding="UTF-8"?>
<testsuite name="com.dupcheck.strategy.CSVFileTest" tests="4" skipped="0" failures="0" errors="0" timestamp="2019-09-11T12:55:50" hostname="raijeet-Vostro-15-3568" time="0.059">
  <properties/>
  <testcase name="testForNull()" classname="com.dupcheck.strategy.CSVFileTest" time="0.047"/>
  <testcase name="testWithDirs()" classname="com.dupcheck.strategy.CSVFileTest" time="0.003"/>
  <testcase name="testWithFiles()" classname="com.dupcheck.strategy.CSVFileTest" time="0.002"/>
  <testcase name="forListSizeZero()" classname="com.dupcheck.strategy.CSVFileTest" time="0.003"/>
  <system-out><![CDATA[]]></system-out>
  <system-err><![CDATA[]]></system-err>
</testsuite>
