<?xml version="1.0" encoding="UTF-8"?>
<testsuite name="com.dupcheck.strategy.ReportFileTest" tests="4" skipped="0" failures="0" errors="0" timestamp="2019-08-26T11:34:09" hostname="raijeet-Vostro-15-3568" time="0.129">
  <properties/>
  <testcase name="testForNull()" classname="com.dupcheck.strategy.ReportFileTest" time="0.036"/>
  <testcase name="listWithFiles()" classname="com.dupcheck.strategy.ReportFileTest" time="0.077"/>
  <testcase name="listWithDir()" classname="com.dupcheck.strategy.ReportFileTest" time="0.006"/>
  <testcase name="forListSizeZero()" classname="com.dupcheck.strategy.ReportFileTest" time="0.003"/>
  <system-out><![CDATA[Files doesn't exist.
Files doesn't exist.
Files doesn't exist.
Files doesn't exist.
Files doesn't exist.
Files doesn't exist.
Files doesn't exist.
]]></system-out>
  <system-err><![CDATA[]]></system-err>
</testsuite>
